### ISSUE TITLE
GDB doesn't show the values of variables when it hits breakpoint the first time

### ISSUE THREAD

**Issue by akharche** [numba/numba#7103]
## Reporting a bug

- [x] I have tried using the latest released version of Numba (most recent is
 visible in the change log (https://github.com/numba/numba/blob/master/CHANGE_LOG).
- [x] I have included a self contained code sample to reproduce the problem.
  i.e. it's possible to run as 'python bug.py'.

`info locals` doesn't show the values of variables when gdb hits breakpoint the first time. Testing the example below I see the strange behavior of debugging with gdb. 

```python
import numba

@numba.njit(debug=True)
def foo(a):
    b = a + 1
    c = a * 2.34
    d = (a, b, c)
    print(a, b, c, d)
    return b, c, d

r = foo(123)
print(r)
```
When gdb hits breakpoint the first time, the value of **a** function argument is equal to 0. But if I call next (`n` command) several times, gdb hits the breakpoint again and at this time I see that the value of **a** is equal to 123. Also, if I step all the function again I see all the values of local variables.

```bash
$ export NUMBA_OPT=0
$ gdb -q --args python numba_ex.py
Reading symbols from python...
(gdb) break numba_ex.py:6
No source file named numba_ex.py.
Make breakpoint pending on future shared library load? (y or [n]) y
Breakpoint 1 (numba_ex.py:6) pending.
(gdb) run
Thread 1 "python" hit Breakpoint 1, __main__::foo$241 () at numba_ex.py:6
6           b = a + 1
(gdb) info locals
d = "\000.\037\302\314m\017| \375\336\342\377\177\000\000@\350\000\334\377\177\000"
a = 0
b = <optimized out>
c = <optimized out>
(gdb)
```

```bash
(gdb) n
7           c = a * 2.34
(gdb) n
8           d = (a, b, c)
(gdb) n
9           print(a, b, c, d)
(gdb) n
10          return b, c, d
(gdb) n
6           b = a + 1
(gdb) info locals
d = '\000' <repeats 23 times>
a = 123
b = 0
c = 0

(gdb) n
7           c = a * 2.34
(gdb) n
8           d = (a, b, c)
(gdb) n
9           print(a, b, c, d)
(gdb) info locals
d = "{\000\000\000\000\000\000\000|\000\000\000\000\000\000\000\205\353Q\270\036\375q@"
a = 123
b = 124
c = 287.81999999999999

```

**Comment by reazulhoque** [comment]
Similar behavior is documented here: https://numba.pydata.org/numba-doc/latest/user/troubleshoot.html?highlight=numba%20gdb#debugging-jit-compiled-code-with-gdb

**Comment by akharche** [comment]
Tested on 0.54.0dev0 version (latest from numba/label/dev). See the same problem.

**Comment by stuartarchibald** [comment]
Running with this, and `export NUMBA_OPT=0`:
```python
import numba
import numpy as np

@numba.njit(debug=True)
def foo(a):
    b = np.sqrt(a + 1)
    c = a * 2.34
    print(a, b, c)

r = foo(123)
```
through gdb:
```bash
$ gdb -q --args python issue7103.py
Reading symbols from python...
(gdb) b "_ZN8__main__7foo$241Ex"
Function "_ZN8__main__7foo$241Ex" not defined.
Make breakpoint pending on future shared library load? (y or [n]) y
Breakpoint 1 ("_ZN8__main__7foo$241Ex") pending.
(gdb) r
<snip>

Thread 1 "python" hit Breakpoint 1, _ZN8__main__7foo$241Ex () at issue7103.py:4
4       @numba.njit(debug=True)
(gdb) p $pc
$1 = (void (*)()) 0x7ffff7e74000 <_ZN8__main__7foo$241Ex>
(gdb) disassemble 0x7ffff7e74000,+150
Dump of assembler code from 0x7ffff7e74000 to 0x7ffff7e74096:
=> 0x00007ffff7e74000 <_ZN8__main__7foo$241Ex+0>:       sub    $0xb8,%rsp
   0x00007ffff7e74007 <_ZN8__main__7foo$241Ex+7>:       movq   $0x0,0xb0(%rsp)
   0x00007ffff7e74013 <_ZN8__main__7foo$241Ex+19>:      xorps  %xmm0,%xmm0
   0x00007ffff7e74016 <_ZN8__main__7foo$241Ex+22>:      movsd  %xmm0,0xa8(%rsp)
   0x00007ffff7e7401f <_ZN8__main__7foo$241Ex+31>:      movl   $0x0,0xa4(%rsp)
   0x00007ffff7e7402a <_ZN8__main__7foo$241Ex+42>:      mov    %rdi,0x98(%rsp)
   0x00007ffff7e74032 <_ZN8__main__7foo$241Ex+50>:      mov    %rsi,0x90(%rsp)
   0x00007ffff7e7403a <_ZN8__main__7foo$241Ex+58>:      mov    %rdx,0x88(%rsp)
   0x00007ffff7e74042 <_ZN8__main__7foo$241Ex+66>:      mov    0x88(%rsp),%rax
   0x00007ffff7e7404a <_ZN8__main__7foo$241Ex+74>:      mov    %rax,0xb0(%rsp)
   0x00007ffff7e74052 <_ZN8__main__7foo$241Ex+82>:      add    $0x1,%rax
   0x00007ffff7e74058 <_ZN8__main__7foo$241Ex+88>:      mov    %rax,0x80(%rsp)
   0x00007ffff7e74060 <_ZN8__main__7foo$241Ex+96>:      xor    %eax,%eax
   0x00007ffff7e74062 <_ZN8__main__7foo$241Ex+98>:      mov    0x80(%rsp),%rcx
   0x00007ffff7e7406a <_ZN8__main__7foo$241Ex+106>:     cvtsi2sd %rcx,%xmm0
   0x00007ffff7e7406f <_ZN8__main__7foo$241Ex+111>:     sqrtsd %xmm0,%xmm0
   0x00007ffff7e74073 <_ZN8__main__7foo$241Ex+115>:     movsd  %xmm0,0xa8(%rsp)
   0x00007ffff7e7407c <_ZN8__main__7foo$241Ex+124>:     test   $0x1,%al
   0x00007ffff7e7407e <_ZN8__main__7foo$241Ex+126>:     jne    0x7ffff7e74060 <_ZN8__main__7foo$241Ex+96>
   0x00007ffff7e74080 <_ZN8__main__7foo$241Ex+128>:     movsd  0xa8(%rsp),%xmm0
   0x00007ffff7e74089 <_ZN8__main__7foo$241Ex+137>:     mov    0xb0(%rsp),%rax
   0x00007ffff7e74091 <_ZN8__main__7foo$241Ex+145>:     cvtsi2sd %rax,%xmm1
End of assembler dump.
(gdb) l
1       import numba
2       import numpy as np
3
4       @numba.njit(debug=True)
5       def foo(a):
6           b = np.sqrt(a + 1)
7           c = a * 2.34
8           print(a, b, c)
9
10      r = foo(123)
(gdb) info locals
a = <optimized out>
b = <optimized out>
c = <optimized out>
(gdb) n
6           b = np.sqrt(a + 1)
(gdb) n
8           print(a, b, c)
(gdb) info locals ### THIS IS THE BAD BEHAVIOUR
a = 0
b = 0
c = 0
(gdb) p $pc ### NOTE PC IS DOING "movl   $0x0,0xa4(%rsp)", THE SQRT IS FURTHER DOWN THE STREAM
$2 = (void (*)()) 0x7ffff7e7401f <_ZN8__main__7foo$241Ex+31>
(gdb) n
6           b = np.sqrt(a + 1)
(gdb) n
7           c = a * 2.34
(gdb) info locals
a = <optimized out>
b = <optimized out>
c = 0
(gdb) p $pc
$3 = (void (*)()) 0x7ffff7e74089 <_ZN8__main__7foo$241Ex+137>
(gdb) n
8           print(a, b, c)
(gdb) info locals
a = 123
b = 11.135528725660043
c = <optimized out>
(gdb) p $pc
$4 = (void (*)()) 0x7ffff7e740a8 <_ZN8__main__7foo$241Ex+168>
(gdb) n
123 11.135528725660043 287.82
0x00007ffff7e745b5 in cpython::__main__::foo$241 ()
(gdb) p $pc
$5 = (void (*)()) 0x7ffff7e745b5 <_ZN7cpython8__main__7foo$241ExNO+357>
```

**Comment by stuartarchibald** [comment]
Writing out the ELF to disk.
```python
import numba
import numpy as np

@numba.njit(debug=True)
def foo(a):
    b = a + 1
    c = a * 2.34
    d = (a, b, c)
    print(a, b, c, d)
    return b, c, d

r = foo(123)

lib = foo.overloads[foo.signatures[0]].library
with open(__file__.replace('.py','.elf'), 'wb') as f:
    f.write(lib._get_compiled_object())
```
then:
```
$ llvm-dwarfdump -debug-line issue7103.elf 
issue7103.elf:  file format ELF64-x86-64

.debug_line contents:
debug_line[0x00000000]
Line table prologue:
    total_length: 0x0000006a
         version: 4
 prologue_length: 0x00000024
 min_inst_length: 1
max_ops_per_inst: 1
 default_is_stmt: 1
       line_base: -5
      line_range: 14
     opcode_base: 13
standard_opcode_lengths[DW_LNS_copy] = 0
standard_opcode_lengths[DW_LNS_advance_pc] = 1
standard_opcode_lengths[DW_LNS_advance_line] = 1
standard_opcode_lengths[DW_LNS_set_file] = 1
standard_opcode_lengths[DW_LNS_set_column] = 1
standard_opcode_lengths[DW_LNS_negate_stmt] = 0
standard_opcode_lengths[DW_LNS_set_basic_block] = 0
standard_opcode_lengths[DW_LNS_const_add_pc] = 0
standard_opcode_lengths[DW_LNS_fixed_advance_pc] = 1
standard_opcode_lengths[DW_LNS_set_prologue_end] = 0
standard_opcode_lengths[DW_LNS_set_epilogue_begin] = 0
standard_opcode_lengths[DW_LNS_set_isa] = 1
file_names[  1]:
           name: "issue7103.py"
      dir_index: 0
       mod_time: 0x00000000
         length: 0x00000000

Address            Line   Column File   ISA Discriminator Flags
------------------ ------ ------ ------ --- ------------- -------------
0x0000000000000000      4      0      1   0             0  is_stmt
0x0000000000000007      6      1      1   0             0  is_stmt prologue_end
0x000000000000001f      7      1      1   0             0  is_stmt
0x000000000000002b      8      1      1   0             0  is_stmt
0x000000000000004c      9      1      1   0             0  is_stmt
0x0000000000000057     10      1      1   0             0  is_stmt
0x00000000000000db      0      1      1   0             0 
0x00000000000000e3      6      1      1   0             0  is_stmt
0x00000000000000f6      0      1      1   0             0 
0x00000000000000fe      7      1      1   0             0  is_stmt
0x000000000000011e      8      1      1   0             0  is_stmt
0x0000000000000137      9      1      1   0             0  is_stmt
0x000000000000018e      0      1      1   0             0 
0x00000000000001b0      9      1      1   0             0 
0x00000000000006e4     10      1      1   0             0  is_stmt
0x0000000000000f7e     10      1      1   0             0  is_stmt end_sequence
```
and looking at the disassembly:
```
$ gdb -q -ex 'b "_ZN8__main__7foo$241Ex"' --args python issue7103.py
Reading symbols from python...
Function "_ZN8__main__7foo$241Ex" not defined.
Make breakpoint pending on future shared library load? (y or [n]) y
Breakpoint 1 ("_ZN8__main__7foo$241Ex") pending.
(gdb) r
<snip>

Thread 1 "python" hit Breakpoint 1, 0x00007ffff7e74840 in cpython::__main__::foo$241(long long) ()
(gdb) c
Continuing.

Thread 1 "python" hit Breakpoint 1, _ZN8__main__7foo$241Ex () at issue7103.py:4
4       @numba.njit(debug=True)
(gdb) disassemble $pc,$pc+300
Dump of assembler code from 0x7ffff7e74000 to 0x7ffff7e7412c:
=> 0x00007ffff7e74000 <_ZN8__main__7foo$241Ex+0>:       sub    $0x168,%rsp
   0x00007ffff7e74007 <_ZN8__main__7foo$241Ex+7>:       movq   $0x0,0x160(%rsp)
   0x00007ffff7e74013 <_ZN8__main__7foo$241Ex+19>:      movq   $0x0,0x158(%rsp)
   0x00007ffff7e7401f <_ZN8__main__7foo$241Ex+31>:      xorps  %xmm0,%xmm0
   0x00007ffff7e74022 <_ZN8__main__7foo$241Ex+34>:      movsd  %xmm0,0x150(%rsp)
   0x00007ffff7e7402b <_ZN8__main__7foo$241Ex+43>:      movq   $0x0,0x138(%rsp)
   0x00007ffff7e74037 <_ZN8__main__7foo$241Ex+55>:      movq   $0x0,0x140(%rsp)
   0x00007ffff7e74043 <_ZN8__main__7foo$241Ex+67>:      movsd  %xmm0,0x148(%rsp)
   0x00007ffff7e7404c <_ZN8__main__7foo$241Ex+76>:      movl   $0x0,0x134(%rsp)
   0x00007ffff7e74057 <_ZN8__main__7foo$241Ex+87>:      movq   $0x0,0x108(%rsp)
   0x00007ffff7e74063 <_ZN8__main__7foo$241Ex+99>:      movsd  %xmm0,0x110(%rsp)
   0x00007ffff7e7406c <_ZN8__main__7foo$241Ex+108>:     movq   $0x0,0x118(%rsp)
   0x00007ffff7e74078 <_ZN8__main__7foo$241Ex+120>:     movq   $0x0,0x120(%rsp)
   0x00007ffff7e74084 <_ZN8__main__7foo$241Ex+132>:     movsd  %xmm0,0x128(%rsp)
   0x00007ffff7e7408d <_ZN8__main__7foo$241Ex+141>:     movq   $0x0,0xe0(%rsp)
   0x00007ffff7e74099 <_ZN8__main__7foo$241Ex+153>:     movsd  %xmm0,0xe8(%rsp)
   0x00007ffff7e740a2 <_ZN8__main__7foo$241Ex+162>:     movq   $0x0,0xf0(%rsp)
   0x00007ffff7e740ae <_ZN8__main__7foo$241Ex+174>:     movq   $0x0,0xf8(%rsp)
   0x00007ffff7e740ba <_ZN8__main__7foo$241Ex+186>:     movsd  %xmm0,0x100(%rsp)
   0x00007ffff7e740c3 <_ZN8__main__7foo$241Ex+195>:     mov    %rdi,0xd8(%rsp)
   0x00007ffff7e740cb <_ZN8__main__7foo$241Ex+203>:     mov    %rsi,0xd0(%rsp)
   0x00007ffff7e740d3 <_ZN8__main__7foo$241Ex+211>:     mov    %rdx,0xc8(%rsp)
   0x00007ffff7e740db <_ZN8__main__7foo$241Ex+219>:     mov    0xc8(%rsp),%rax
   0x00007ffff7e740e3 <_ZN8__main__7foo$241Ex+227>:     mov    %rax,0x160(%rsp)
   0x00007ffff7e740eb <_ZN8__main__7foo$241Ex+235>:     inc    %rax
   0x00007ffff7e740ee <_ZN8__main__7foo$241Ex+238>:     mov    %rax,0x158(%rsp)
   0x00007ffff7e740f6 <_ZN8__main__7foo$241Ex+246>:     mov    0xc8(%rsp),%rcx
   0x00007ffff7e740fe <_ZN8__main__7foo$241Ex+254>:     cvtsi2sd %rcx,%xmm0
   0x00007ffff7e74103 <_ZN8__main__7foo$241Ex+259>:     movabs $0x7ffff7e751b0,%rdx
   0x00007ffff7e7410d <_ZN8__main__7foo$241Ex+269>:     movsd  (%rdx),%xmm1
   0x00007ffff7e74111 <_ZN8__main__7foo$241Ex+273>:     mulsd  %xmm1,%xmm0
   0x00007ffff7e74115 <_ZN8__main__7foo$241Ex+277>:     movsd  %xmm0,0x150(%rsp)
   0x00007ffff7e7411e <_ZN8__main__7foo$241Ex+286>:     mov    %rcx,0x138(%rsp)
   0x00007ffff7e74126 <_ZN8__main__7foo$241Ex+294>:     mov    %rax,0x140(%rsp)
End of assembler dump.
```
Offset `0x00000000000000db` (`0x00007ffff7e740db`) is about where the function work starts, but referring to the table above, there's clearly instructions associated with lines in the function ahead of this address. Looking at the instructions in these higher addresses, e.g. `0x000000000000002b` (`0x00007ffff7e7402b`), seems like it's just zeroing out stack slots, which in terms of Numba IR generation, matches up with the "`alloca` and zero-init all vars" behaviour.

Whilst some lines of Python source may cause an `alloca` to be emitted in the entry block, having an association through DWARF to this line is probably what's causing the jumping around. When stepping through the function, `gdb` will hit the `alloca` associated "lines" from the entry block first, then once those are all stepped through the function will behave more similarly to expected. I think this is why the function looks like it runs twice, it also explains why `info locals` is populated in a seemingly bizarre way.

I expect the fix is likely to involve either not generating DWARF info or setting the line number to 0 for anything associated with "`alloca` and zero-init all vars".
